<?xml version="1.0" encoding="UTF-8"?>
<testng-results ignored="0" total="1" passed="1" failed="0" skipped="0">
  <reporter-output>
  </reporter-output>
  <suite started-at="2023-04-02T11:33:57 IST" name="Default suite" finished-at="2023-04-02T11:34:07 IST" duration-ms="9883">
    <groups>
    </groups>
    <test started-at="2023-04-02T11:33:57 IST" name="Default test" finished-at="2023-04-02T11:34:07 IST" duration-ms="9883">
      <class name="testCase.CheckoutTest">
        <test-method is-config="true" signature="launchBrowser()[pri:0, instance:testCase.CheckoutTest@75d3a5e0]" started-at="2023-04-02T11:33:57 IST" name="launchBrowser" finished-at="2023-04-02T11:33:59 IST" duration-ms="1896" status="PASS">
          <reporter-output>
          </reporter-output>
        </test-method> <!-- launchBrowser -->
        <test-method signature="Checkout()[pri:0, instance:testCase.CheckoutTest@75d3a5e0]" started-at="2023-04-02T11:33:59 IST" name="Checkout" finished-at="2023-04-02T11:34:07 IST" duration-ms="7813" status="PASS">
          <reporter-output>
          </reporter-output>
        </test-method> <!-- Checkout -->
        <test-method is-config="true" signature="closeBrowser()[pri:0, instance:testCase.CheckoutTest@75d3a5e0]" started-at="2023-04-02T11:34:07 IST" name="closeBrowser" finished-at="2023-04-02T11:34:07 IST" duration-ms="149" status="PASS">
          <reporter-output>
          </reporter-output>
        </test-method> <!-- closeBrowser -->
      </class> <!-- testCase.CheckoutTest -->
    </test> <!-- Default test -->
  </suite> <!-- Default suite -->
</testng-results>
